TN:
SF:libs\nodemailer.js
FNF:0
FNH:0
DA:1,1
DA:2,1
DA:3,1
DA:4,1
DA:5,1
DA:6,1
DA:7,1
DA:8,1
DA:9,1
DA:10,1
LF:10
LH:10
BRF:0
BRH:0
end_of_record
TN:
SF:services\account.js
FN:4,createAccount
FN:27,getAllAccounts
FN:43,getAccountById
FN:66,withdraw
FN:99,deposit
FNF:5
FNH:5
FNDA:2,createAccount
FNDA:2,getAllAccounts
FNDA:2,getAccountById
FNDA:3,withdraw
FNDA:2,deposit
DA:1,1
DA:2,1
DA:3,1
DA:4,1
DA:5,2
DA:6,2
DA:7,2
DA:8,2
DA:9,2
DA:10,2
DA:11,2
DA:12,2
DA:13,2
DA:14,1
DA:15,1
DA:16,1
DA:17,1
DA:18,1
DA:19,1
DA:20,1
DA:21,1
DA:22,1
DA:23,1
DA:24,1
DA:25,2
DA:26,1
DA:27,1
DA:28,2
DA:29,2
DA:30,1
DA:31,1
DA:32,1
DA:33,1
DA:34,1
DA:35,1
DA:36,1
DA:37,1
DA:38,1
DA:39,1
DA:40,1
DA:41,2
DA:42,1
DA:43,1
DA:44,2
DA:45,2
DA:46,2
DA:47,2
DA:48,2
DA:49,2
DA:50,2
DA:51,2
DA:52,2
DA:53,1
DA:54,1
DA:55,1
DA:56,1
DA:57,1
DA:58,1
DA:59,1
DA:60,1
DA:61,1
DA:62,1
DA:63,1
DA:64,2
DA:65,1
DA:66,1
DA:67,3
DA:68,3
DA:69,2
DA:70,2
DA:71,2
DA:72,2
DA:73,2
DA:74,2
DA:75,2
DA:76,2
DA:77,2
DA:78,2
DA:79,2
DA:80,2
DA:81,1
DA:82,1
DA:83,1
DA:84,1
DA:85,3
DA:86,1
DA:87,1
DA:88,1
DA:89,1
DA:90,3
DA:91,2
DA:92,2
DA:93,2
DA:94,2
DA:95,2
DA:96,2
DA:97,3
DA:98,1
DA:99,1
DA:100,2
DA:101,2
DA:102,1
DA:103,1
DA:104,1
DA:105,1
DA:106,1
DA:107,1
DA:108,1
DA:109,1
DA:110,1
DA:111,1
DA:112,2
DA:113,1
DA:114,1
DA:115,1
DA:116,1
DA:117,1
DA:118,1
DA:119,1
DA:120,1
DA:121,1
DA:122,1
DA:123,1
DA:124,2
DA:125,1
DA:126,1
LF:126
LH:126
BRDA:4,0,0,2
BRDA:14,1,0,1
BRDA:27,2,0,2
BRDA:29,3,0,1
BRDA:43,4,0,2
BRDA:53,5,0,1
BRDA:66,6,0,3
BRDA:86,7,0,1
BRDA:90,8,0,2
BRDA:94,9,0,1
BRDA:68,10,0,2
BRDA:80,11,0,1
BRDA:99,12,0,2
BRDA:113,13,0,1
BRDA:101,14,0,1
BRF:15
BRH:15
end_of_record
TN:
SF:services\transaction.js
FN:4,transfer
FN:48,createTransaction
FN:64,getAllTransactions
FN:80,getTransactionById
FNF:4
FNH:4
FNDA:3,transfer
FNDA:3,createTransaction
FNDA:2,getAllTransactions
FNDA:2,getTransactionById
DA:1,1
DA:2,1
DA:3,1
DA:4,3
DA:5,3
DA:6,2
DA:7,2
DA:8,2
DA:9,2
DA:10,2
DA:11,2
DA:12,2
DA:13,2
DA:14,2
DA:15,2
DA:16,2
DA:17,2
DA:18,1
DA:19,1
DA:20,1
DA:21,1
DA:22,1
DA:23,1
DA:24,1
DA:25,1
DA:26,1
DA:27,1
DA:28,1
DA:29,1
DA:30,1
DA:31,1
DA:32,1
DA:33,1
DA:34,1
DA:35,1
DA:36,1
DA:37,1
DA:38,1
DA:39,1
DA:40,1
DA:41,1
DA:42,1
DA:43,1
DA:44,1
DA:45,3
DA:46,3
DA:47,1
DA:48,1
DA:49,3
DA:50,3
DA:51,1
DA:52,1
DA:53,1
DA:54,1
DA:55,3
DA:56,2
DA:57,2
DA:58,2
DA:59,2
DA:60,2
DA:61,2
DA:62,3
DA:63,1
DA:64,1
DA:65,2
DA:66,2
DA:67,1
DA:68,1
DA:69,1
DA:70,1
DA:71,1
DA:72,1
DA:73,1
DA:74,1
DA:75,1
DA:76,1
DA:77,1
DA:78,2
DA:79,1
DA:80,1
DA:81,2
DA:82,2
DA:83,2
DA:84,2
DA:85,2
DA:86,2
DA:87,2
DA:88,2
DA:89,2
DA:90,2
DA:91,1
DA:92,1
DA:93,1
DA:94,1
DA:95,1
DA:96,1
DA:97,1
DA:98,1
DA:99,1
DA:100,1
DA:101,1
DA:102,2
DA:103,1
DA:104,1
LF:104
LH:104
BRDA:4,0,0,3
BRDA:5,1,0,2
BRDA:17,2,0,1
BRDA:48,3,0,3
BRDA:51,4,0,1
BRDA:55,5,0,2
BRDA:59,6,0,1
BRDA:64,7,0,2
BRDA:67,8,0,1
BRDA:80,9,0,2
BRDA:91,10,0,1
BRF:11
BRH:11
end_of_record
TN:
SF:services\user.js
FN:11,createUser
FN:43,loginUser
FN:82,forgotPassword
FN:118,resetPassword
FN:164,notAuthorized
FN:170,authenticateUser
FN:206,getAllUsers
FN:222,getUserById
FNF:8
FNH:6
FNDA:2,createUser
FNDA:4,loginUser
FNDA:0,forgotPassword
FNDA:0,resetPassword
FNDA:2,notAuthorized
FNDA:5,authenticateUser
FNDA:2,getAllUsers
FNDA:2,getUserById
DA:1,1
DA:2,1
DA:3,1
DA:4,1
DA:5,1
DA:6,1
DA:7,1
DA:8,1
DA:9,1
DA:10,1
DA:11,1
DA:12,2
DA:13,2
DA:14,2
DA:15,2
DA:16,2
DA:17,2
DA:18,2
DA:19,2
DA:20,2
DA:21,2
DA:22,2
DA:23,2
DA:24,2
DA:25,2
DA:26,2
DA:27,2
DA:28,1
DA:29,1
DA:30,1
DA:31,1
DA:32,1
DA:33,1
DA:34,2
DA:35,2
DA:36,2
DA:37,2
DA:38,2
DA:39,2
DA:40,2
DA:41,2
DA:42,1
DA:43,1
DA:44,4
DA:45,4
DA:46,4
DA:47,4
DA:48,4
DA:49,4
DA:50,4
DA:51,4
DA:52,4
DA:53,4
DA:54,4
DA:55,4
DA:56,1
DA:57,1
DA:58,2
DA:59,2
DA:60,4
DA:61,1
DA:62,1
DA:63,1
DA:64,1
DA:65,1
DA:66,1
DA:67,1
DA:68,1
DA:69,1
DA:70,1
DA:71,1
DA:72,1
DA:73,4
DA:74,3
DA:75,3
DA:76,3
DA:77,3
DA:78,3
DA:79,3
DA:80,4
DA:81,1
DA:82,1
DA:83,0
DA:84,0
DA:85,0
DA:86,0
DA:87,0
DA:88,0
DA:89,0
DA:90,0
DA:91,0
DA:92,0
DA:93,0
DA:94,0
DA:95,0
DA:96,0
DA:97,0
DA:98,0
DA:99,0
DA:100,0
DA:101,0
DA:102,0
DA:103,0
DA:104,0
DA:105,0
DA:106,0
DA:107,0
DA:108,0
DA:109,0
DA:110,0
DA:111,0
DA:112,0
DA:113,0
DA:114,0
DA:115,0
DA:116,0
DA:117,1
DA:118,1
DA:119,0
DA:120,0
DA:121,0
DA:122,0
DA:123,0
DA:124,0
DA:125,0
DA:126,0
DA:127,0
DA:128,0
DA:129,0
DA:130,0
DA:131,0
DA:132,0
DA:133,0
DA:134,0
DA:135,0
DA:136,0
DA:137,0
DA:138,0
DA:139,0
DA:140,0
DA:141,0
DA:142,0
DA:143,0
DA:144,0
DA:145,0
DA:146,0
DA:147,0
DA:148,0
DA:149,0
DA:150,0
DA:151,0
DA:152,0
DA:153,0
DA:154,0
DA:155,0
DA:156,0
DA:157,0
DA:158,0
DA:159,0
DA:160,0
DA:161,0
DA:162,1
DA:163,1
DA:164,1
DA:165,2
DA:166,2
DA:167,2
DA:168,1
DA:169,1
DA:170,1
DA:171,5
DA:172,5
DA:173,5
DA:174,5
DA:175,1
DA:176,1
DA:177,4
DA:178,4
DA:179,4
DA:180,2
DA:181,1
DA:182,1
DA:183,1
DA:184,4
DA:185,4
DA:186,4
DA:187,4
DA:188,4
DA:189,4
DA:190,4
DA:191,4
DA:192,4
DA:193,2
DA:194,2
DA:195,2
DA:196,2
DA:197,2
DA:198,2
DA:199,2
DA:200,2
DA:201,2
DA:202,2
DA:203,4
DA:204,5
DA:205,1
DA:206,1
DA:207,2
DA:208,2
DA:209,1
DA:210,1
DA:211,1
DA:212,1
DA:213,1
DA:214,1
DA:215,1
DA:216,1
DA:217,1
DA:218,1
DA:219,1
DA:220,2
DA:221,1
DA:222,1
DA:223,2
DA:224,2
DA:225,2
DA:226,2
DA:227,2
DA:228,2
DA:229,2
DA:230,2
DA:231,2
DA:232,1
DA:233,1
DA:234,1
DA:235,1
DA:236,1
DA:237,1
DA:238,1
DA:239,1
DA:240,1
DA:241,1
DA:242,1
DA:243,2
DA:244,1
DA:245,1
LF:245
LH:168
BRDA:11,0,0,2
BRDA:28,1,0,1
BRDA:43,2,0,4
BRDA:54,3,0,3
BRDA:55,4,0,1
BRDA:57,5,0,2
BRDA:60,6,0,1
BRDA:73,7,0,3
BRDA:164,8,0,2
BRDA:170,9,0,5
BRDA:174,10,0,4
BRDA:174,11,0,1
BRDA:176,12,0,4
BRDA:192,13,0,2
BRDA:200,14,0,1
BRDA:179,15,0,2
BRDA:180,16,0,1
BRDA:206,17,0,2
BRDA:208,18,0,1
BRDA:222,19,0,2
BRDA:232,20,0,1
BRF:21
BRH:21
end_of_record
